Build started 6/24/2013 3:45:47 PM.
     1>Project "C:\Users\Student\Documents\Visual Studio 2010\Projects\sameer\sameer\sameer.vcxproj" on node 2 (build target(s)).
     1>InitializeBuildStatus:
         Creating "Debug\sameer.unsuccessfulbuild" because "AlwaysCreate" was specified.
       ClCompile:
         All outputs are up-to-date.
         c:\Program Files (x86)\Microsoft Visual Studio 10.0\VC\bin\CL.exe /c /ZI /nologo /W3 /WX- /Od /Oy- /D WIN32 /D _DEBUG /D _CONSOLE /D _UNICODE /D UNICODE /Gm /EHsc /RTC1 /MDd /GS /fp:precise /Zc:wchar_t /Zc:forScope /Yu"StdAfx.h" /Fp"Debug\sameer.pch" /Fo"Debug\\" /Fd"Debug\vc100.pdb" /Gd /TP /analyze- /errorReport:prompt sameer.cpp
         sameer.cpp
       ManifestResourceCompile:
         All outputs are up-to-date.
       Link:
         c:\Program Files (x86)\Microsoft Visual Studio 10.0\VC\bin\link.exe /ERRORREPORT:PROMPT /OUT:"C:\Users\Student\Documents\Visual Studio 2010\Projects\sameer\Debug\sameer.exe" /INCREMENTAL /NOLOGO kernel32.lib user32.lib gdi32.lib winspool.lib comdlg32.lib advapi32.lib shell32.lib ole32.lib oleaut32.lib uuid.lib odbc32.lib odbccp32.lib /MANIFEST /ManifestFile:"Debug\sameer.exe.intermediate.manifest" /MANIFESTUAC:"level='asInvoker' uiAccess='false'" /DEBUG /PDB:"C:\Users\Student\Documents\Visual Studio 2010\Projects\sameer\Debug\sameer.pdb" /SUBSYSTEM:CONSOLE /TLBID:1 /DYNAMICBASE /NXCOMPAT /IMPLIB:"C:\Users\Student\Documents\Visual Studio 2010\Projects\sameer\Debug\sameer.lib" /MACHINE:X86 Debug\sameer.exe.embed.manifest.res
         Debug\sameer.obj
         Debug\stdafx.obj
       Manifest:
         C:\Program Files (x86)\Microsoft SDKs\Windows\v7.0A\bin\mt.exe /nologo /verbose /out:"Debug\sameer.exe.embed.manifest" /manifest Debug\sameer.exe.intermediate.manifest
         All outputs are up-to-date.
       LinkEmbedManifest:
         All outputs are up-to-date.
         sameer.vcxproj -> C:\Users\Student\Documents\Visual Studio 2010\Projects\sameer\Debug\sameer.exe
       FinalizeBuildStatus:
         Deleting file "Debug\sameer.unsuccessfulbuild".
         Touching "Debug\sameer.lastbuildstate".
     1>Done Building Project "C:\Users\Student\Documents\Visual Studio 2010\Projects\sameer\sameer\sameer.vcxproj" (build target(s)).

Build succeeded.

Time Elapsed 00:00:00.65
