Build started 7/4/2013 3:56:49 PM.
     1>Project "C:\Users\Student\Desktop\sameer isa\structure\structure\structure.vcxproj" on node 2 (build target(s)).
     1>InitializeBuildStatus:
         Touching "Debug\structure.unsuccessfulbuild".
       ClCompile:
         All outputs are up-to-date.
         c:\Program Files (x86)\Microsoft Visual Studio 10.0\VC\bin\CL.exe /c /ZI /nologo /W3 /WX- /Od /Oy- /D WIN32 /D _DEBUG /D _CONSOLE /D _UNICODE /D UNICODE /Gm /EHsc /RTC1 /MDd /GS /fp:precise /Zc:wchar_t /Zc:forScope /Yu"StdAfx.h" /Fp"Debug\structure.pch" /Fo"Debug\\" /Fd"Debug\vc100.pdb" /Gd /TP /analyze- /errorReport:prompt structure.cpp
         structure.cpp
     1>c:\users\student\desktop\sameer isa\structure\structure\structure.cpp(107): warning C4018: '<' : signed/unsigned mismatch
       ManifestResourceCompile:
         All outputs are up-to-date.
       Link:
         c:\Program Files (x86)\Microsoft Visual Studio 10.0\VC\bin\link.exe /ERRORREPORT:PROMPT /OUT:"C:\Users\Student\Desktop\sameer isa\structure\Debug\structure.exe" /INCREMENTAL /NOLOGO kernel32.lib user32.lib gdi32.lib winspool.lib comdlg32.lib advapi32.lib shell32.lib ole32.lib oleaut32.lib uuid.lib odbc32.lib odbccp32.lib /MANIFEST /ManifestFile:"Debug\structure.exe.intermediate.manifest" /MANIFESTUAC:"level='asInvoker' uiAccess='false'" /DEBUG /PDB:"C:\Users\Student\Desktop\sameer isa\structure\Debug\structure.pdb" /SUBSYSTEM:CONSOLE /TLBID:1 /DYNAMICBASE /NXCOMPAT /IMPLIB:"C:\Users\Student\Desktop\sameer isa\structure\Debug\structure.lib" /MACHINE:X86 Debug\structure.exe.embed.manifest.res
         Debug\stdafx.obj
         Debug\structure.obj
       Manifest:
         C:\Program Files (x86)\Microsoft SDKs\Windows\v7.0A\bin\mt.exe /nologo /verbose /out:"Debug\structure.exe.embed.manifest" /manifest Debug\structure.exe.intermediate.manifest
         All outputs are up-to-date.
       LinkEmbedManifest:
         All outputs are up-to-date.
         structure.vcxproj -> C:\Users\Student\Desktop\sameer isa\structure\Debug\structure.exe
       FinalizeBuildStatus:
         Deleting file "Debug\structure.unsuccessfulbuild".
         Touching "Debug\structure.lastbuildstate".
     1>Done Building Project "C:\Users\Student\Desktop\sameer isa\structure\structure\structure.vcxproj" (build target(s)).

Build succeeded.

Time Elapsed 00:00:01.04
