Build started 6/25/2013 11:10:39 AM.
     1>Project "c:\Users\Student\documents\visual studio 2010\Projects\loops\loops\loops.vcxproj" on node 2 (build target(s)).
     1>InitializeBuildStatus:
         Touching "Debug\loops.unsuccessfulbuild".
       ClCompile:
         All outputs are up-to-date.
         c:\Program Files (x86)\Microsoft Visual Studio 10.0\VC\bin\CL.exe /c /ZI /nologo /W3 /WX- /Od /Oy- /D WIN32 /D _DEBUG /D _CONSOLE /D _UNICODE /D UNICODE /Gm /EHsc /RTC1 /MDd /GS /fp:precise /Zc:wchar_t /Zc:forScope /Yu"StdAfx.h" /Fp"Debug\loops.pch" /Fo"Debug\\" /Fd"Debug\vc100.pdb" /Gd /TP /analyze- /errorReport:prompt loops.cpp
         loops.cpp
       ManifestResourceCompile:
         All outputs are up-to-date.
       Link:
         c:\Program Files (x86)\Microsoft Visual Studio 10.0\VC\bin\link.exe /ERRORREPORT:PROMPT /OUT:"c:\users\student\documents\visual studio 2010\Projects\loops\Debug\loops.exe" /INCREMENTAL /NOLOGO kernel32.lib user32.lib gdi32.lib winspool.lib comdlg32.lib advapi32.lib shell32.lib ole32.lib oleaut32.lib uuid.lib odbc32.lib odbccp32.lib /MANIFEST /ManifestFile:"Debug\loops.exe.intermediate.manifest" /MANIFESTUAC:"level='asInvoker' uiAccess='false'" /DEBUG /PDB:"c:\users\student\documents\visual studio 2010\Projects\loops\Debug\loops.pdb" /SUBSYSTEM:CONSOLE /TLBID:1 /DYNAMICBASE /NXCOMPAT /IMPLIB:"c:\users\student\documents\visual studio 2010\Projects\loops\Debug\loops.lib" /MACHINE:X86 Debug\loops.exe.embed.manifest.res
         Debug\loops.obj
         Debug\stdafx.obj
       Manifest:
         C:\Program Files (x86)\Microsoft SDKs\Windows\v7.0A\bin\mt.exe /nologo /verbose /out:"Debug\loops.exe.embed.manifest" /manifest Debug\loops.exe.intermediate.manifest
         All outputs are up-to-date.
       LinkEmbedManifest:
         All outputs are up-to-date.
         loops.vcxproj -> c:\users\student\documents\visual studio 2010\Projects\loops\Debug\loops.exe
       FinalizeBuildStatus:
         Deleting file "Debug\loops.unsuccessfulbuild".
         Touching "Debug\loops.lastbuildstate".
     1>Done Building Project "c:\Users\Student\documents\visual studio 2010\Projects\loops\loops\loops.vcxproj" (build target(s)).

Build succeeded.

Time Elapsed 00:00:00.74
